<?xml version="1.0" encoding="UTF-8"?>
<!-- Generated by org.testng.reporters.JUnitReportReporter -->
<testsuite skipped="0" hostname="LAPTOP-635O7HE9" name="com.bbc.JenkinsDemo.HelloWorld" tests="1" failures="0" timestamp="03 六月 2018 06:16:05 GMT" time="0.016" errors="0">
  <testcase name="helloWorld" time="0.016" classname="com.bbc.JenkinsDemo.HelloWorld"/>
</testsuite> <!-- com.bbc.JenkinsDemo.HelloWorld -->
